0 info it worked if it ends with ok
1 verbose cli [ '/usr/bin/node', '/usr/bin/npm', 'start' ]
2 info using npm@6.4.1
3 info using node@v8.14.0
4 verbose config Skipping project config: /srv/daemon-data/99588f25-6d10-4289-8e4b-c2684ec58d37/.npmrc. (matches userconfig)
5 verbose stack Error: missing script: start
5 verbose stack     at run (/usr/lib/node_modules/npm/lib/run-script.js:155:19)
5 verbose stack     at /usr/lib/node_modules/npm/lib/run-script.js:63:5
5 verbose stack     at /usr/lib/node_modules/npm/node_modules/read-package-json/read-json.js:115:5
5 verbose stack     at /usr/lib/node_modules/npm/node_modules/read-package-json/read-json.js:418:5
5 verbose stack     at checkBinReferences_ (/usr/lib/node_modules/npm/node_modules/read-package-json/read-json.js:373:45)
5 verbose stack     at final (/usr/lib/node_modules/npm/node_modules/read-package-json/read-json.js:416:3)
5 verbose stack     at then (/usr/lib/node_modules/npm/node_modules/read-package-json/read-json.js:160:5)
5 verbose stack     at /usr/lib/node_modules/npm/node_modules/read-package-json/read-json.js:364:12
5 verbose stack     at /usr/lib/node_modules/npm/node_modules/graceful-fs/graceful-fs.js:78:16
5 verbose stack     at FSReqWrap.readFileAfterClose [as oncomplete] (fs.js:511:3)
6 verbose cwd /srv/daemon-data/99588f25-6d10-4289-8e4b-c2684ec58d37
7 verbose Linux 4.4.0-139-generic
8 verbose argv "/usr/bin/node" "/usr/bin/npm" "start"
9 verbose node v8.14.0
10 verbose npm  v6.4.1
11 error missing script: start
12 verbose exit [ 1, true ]
