0 info it worked if it ends with ok
1 verbose cli [ '/usr/local/bin/node',
1 verbose cli   '/usr/local/bin/npm',
1 verbose cli   'run',
1 verbose cli   '--quiet',
1 verbose cli   'bot' ]
2 info using npm@6.4.1
3 info using node@v10.13.0
4 verbose config Skipping project config: /home/container/.npmrc. (matches userconfig)
5 verbose run-script [ 'prebot', 'bot', 'postbot' ]
6 info lifecycle zerobot@3.0.0~prebot: zerobot@3.0.0
7 verbose lifecycle zerobot@3.0.0~prebot: unsafe-perm in lifecycle true
8 verbose lifecycle zerobot@3.0.0~prebot: PATH: /usr/local/lib/node_modules/npm/node_modules/npm-lifecycle/node-gyp-bin:/home/container/node_modules/.bin:/usr/local/sbin:/usr/local/bin:/usr/sbin:/usr/bin:/sbin:/bin
9 verbose lifecycle zerobot@3.0.0~prebot: CWD: /home/container
10 silly lifecycle zerobot@3.0.0~prebot: Args: [ '-c',
10 silly lifecycle   'git remote set-url origin https://github.com/MattCSmith/zeroBot-v3.0.git && git pull origin master && npm i --loglevel silent --silent' ]
11 silly lifecycle zerobot@3.0.0~prebot: Returned: code: 0  signal: null
12 info lifecycle zerobot@3.0.0~bot: zerobot@3.0.0
13 verbose lifecycle zerobot@3.0.0~bot: unsafe-perm in lifecycle true
14 verbose lifecycle zerobot@3.0.0~bot: PATH: /usr/local/lib/node_modules/npm/node_modules/npm-lifecycle/node-gyp-bin:/home/container/node_modules/.bin:/usr/local/sbin:/usr/local/bin:/usr/sbin:/usr/bin:/sbin:/bin
15 verbose lifecycle zerobot@3.0.0~bot: CWD: /home/container
16 silly lifecycle zerobot@3.0.0~bot: Args: [ '-c', 'node bot.js' ]
17 silly lifecycle zerobot@3.0.0~bot: Returned: code: 1  signal: null
18 info lifecycle zerobot@3.0.0~bot: Failed to exec bot script
19 verbose stack Error: zerobot@3.0.0 bot: `node bot.js`
19 verbose stack Exit status 1
19 verbose stack     at EventEmitter.<anonymous> (/usr/local/lib/node_modules/npm/node_modules/npm-lifecycle/index.js:301:16)
19 verbose stack     at EventEmitter.emit (events.js:182:13)
19 verbose stack     at ChildProcess.<anonymous> (/usr/local/lib/node_modules/npm/node_modules/npm-lifecycle/lib/spawn.js:55:14)
19 verbose stack     at ChildProcess.emit (events.js:182:13)
19 verbose stack     at maybeClose (internal/child_process.js:962:16)
19 verbose stack     at Process.ChildProcess._handle.onexit (internal/child_process.js:251:5)
20 verbose pkgid zerobot@3.0.0
21 verbose cwd /home/container
22 verbose Linux 4.4.0-139-generic
23 verbose argv "/usr/local/bin/node" "/usr/local/bin/npm" "run" "--quiet" "bot"
24 verbose node v10.13.0
25 verbose npm  v6.4.1
26 error code ELIFECYCLE
27 error errno 1
28 error zerobot@3.0.0 bot: `node bot.js`
28 error Exit status 1
29 error Failed at the zerobot@3.0.0 bot script.
29 error This is probably not a problem with npm. There is likely additional logging output above.
30 verbose exit [ 1, true ]
